<?xml version="1.0" encoding="UTF-8"?>
<!-- Generated by org.testng.reporters.JUnitReportReporter -->
<testsuite hostname="MAA125CD0141R61" failures="0" tests="1" name="testcases.SearchTC3" time="0.723" errors="0" timestamp="2022-04-03T13:26:38 IST" skipped="0">
  <testcase classname="testcases.SearchTC3" name="searchpro" time="0.723"/>
  <system-out/>
</testsuite> <!-- testcases.SearchTC3 -->
